Arguments: 
  C:\Program Files\nodejs\node.exe C:\Program Files\nodejs\node_modules\yarn\bin\yarn.js add --dev parcle@next

PATH: 
  C:\Program Files (x86)\Intel\iCLS Client\;C:\Program Files\Intel\iCLS Client\;C:\Windows\system32;C:\Windows;C:\Windows\System32\Wbem;C:\Windows\System32\WindowsPowerShell\v1.0\;C:\Program Files (x86)\Intel\Intel(R) Management Engine Components\DAL;C:\Program Files\Intel\Intel(R) Management Engine Components\DAL;C:\Program Files (x86)\Intel\Intel(R) Management Engine Components\IPT;C:\Program Files\Intel\Intel(R) Management Engine Components\IPT;C:\Program Files (x86)\NVIDIA Corporation\PhysX\Common;C:\WINDOWS\system32;C:\WINDOWS;C:\WINDOWS\System32\Wbem;C:\WINDOWS\System32\WindowsPowerShell\v1.0\;C:\WINDOWS\System32\OpenSSH\;C:\Program Files\Git\cmd;C:\Program Files\Git\mingw64\libexec\git-core;C:\Program Files\Git\bin;C:\adbKit;C:\Program Files (x86)\GtkSharp\2.12\bin;C:\Users\jerviscen\AppData\Roaming\nvm;C:\Program Files\nodejs;C:\Users\jerviscen\AppData\Local\Continuum\anaconda3;C:\Users\jerviscen\AppData\Local\Continuum\anaconda3\Library\mingw-w64\bin;C:\Users\jerviscen\AppData\Local\Continuum\anaconda3\Library\usr\bin;C:\Users\jerviscen\AppData\Local\Continuum\anaconda3\Library\bin;C:\Users\jerviscen\AppData\Local\Continuum\anaconda3\Scripts;C:\Users\jerviscen\AppData\Local\Programs\Python\Python37-32\Scripts\;C:\Users\jerviscen\AppData\Local\Programs\Python\Python37-32\;C:\Users\jerviscen\AppData\Local\Microsoft\WindowsApps;D:\Microsoft VS Code\bin;C:\Users\jerviscen\AppData\Roaming\nvm;C:\Program Files\nodejs;C:\Users\jerviscen\AppData\Local\BypassRuntm;C:\Users\jerviscen\AppData\Roaming\nvm;C:\Program Files\nodejs

Yarn version: 
  1.22.10

Node version: 
  14.0.0

Platform: 
  win32 x64

Trace: 
  Error: https://registry.npm.taobao.org/parcle: Not found
      at Request.params.callback [as _callback] (C:\Users\jerviscen\AppData\Roaming\nvm\v14.0.0\node_modules\yarn\lib\cli.js:66988:18)
      at Request.self.callback (C:\Users\jerviscen\AppData\Roaming\nvm\v14.0.0\node_modules\yarn\lib\cli.js:140662:22)
      at Request.emit (events.js:315:20)
      at Request.<anonymous> (C:\Users\jerviscen\AppData\Roaming\nvm\v14.0.0\node_modules\yarn\lib\cli.js:141634:10)
      at Request.emit (events.js:315:20)
      at IncomingMessage.<anonymous> (C:\Users\jerviscen\AppData\Roaming\nvm\v14.0.0\node_modules\yarn\lib\cli.js:141556:12)
      at Object.onceWrapper (events.js:421:28)
      at IncomingMessage.emit (events.js:327:22)
      at endReadableNT (_stream_readable.js:1218:12)
      at processTicksAndRejections (internal/process/task_queues.js:84:21)

npm manifest: 
  {
    "name": "demo25",
    "version": "1.0.0",
    "description": "",
    "main": "index.js",
    "scripts": {
      "test": "echo \"Error: no test specified\" && exit 1"
    },
    "keywords": [],
    "author": "",
    "license": "ISC"
  }

yarn manifest: 
  No manifest

Lockfile: 
  No lockfile
